<?xml version="1.0" encoding="utf-8"?><testsuites><testsuite errors="0" failures="0" hostname="localhost.localdomain" name="pytest" skipped="0" tests="7" time="3.288" timestamp="2020-09-21T07:46:05.682587"><testcase classname="test_update_fact.TestUpdate_Fact" file="test_update_fact.py" line="120" name="test_invalid_jinja" time="0.017"></testcase><testcase classname="test_update_fact.TestUpdate_Fact" file="test_update_fact.py" line="126" name="test_fields" time="0.014"></testcase><testcase classname="test_update_fact.TestUpdate_Fact" file="test_update_fact.py" line="114" name="test_valid_jinja" time="0.030"></testcase><testcase classname="test_update_fact.TestUpdate_Fact" file="test_update_fact.py" line="96" name="test_argspec_dict" time="0.033"></testcase><testcase classname="test_update_fact.TestUpdate_Fact" file="test_update_fact.py" line="132" name="test_missing_var" time="0.034"></testcase><testcase classname="test_update_fact.TestUpdate_Fact" file="test_update_fact.py" line="141" name="test_run_simple" time="0.034"></testcase><testcase classname="test_update_fact.TestUpdate_Fact" file="test_update_fact.py" line="105" name="test_argspec_none" time="0.050"></testcase></testsuite></testsuites>