<?xml version="1.0" encoding="utf-8"?><testsuites><testsuite errors="0" failures="0" hostname="localhost.localdomain" name="pytest" skipped="0" tests="27" time="3.523" timestamp="2020-09-18T11:50:18.847189"><testcase classname="test_update_fact.TestUpdate_Fact" file="test_update_fact.py" line="283" name="test_not_mutable_sequence_or_mapping" time="0.011"></testcase><testcase classname="test_update_fact.TestUpdate_Fact" file="test_update_fact.py" line="126" name="test_fields" time="0.012"></testcase><testcase classname="test_update_fact.TestUpdate_Fact" file="test_update_fact.py" line="105" name="test_argspec_none" time="0.015"></testcase><testcase classname="test_update_fact.TestUpdate_Fact" file="test_update_fact.py" line="132" name="test_missing_var" time="0.016"></testcase><testcase classname="test_update_fact.TestUpdate_Fact" file="test_update_fact.py" line="181" name="test_run_bracket_double_quote" time="0.017"></testcase><testcase classname="test_update_fact.TestUpdate_Fact" file="test_update_fact.py" line="120" name="test_invalid_jinja" time="0.016"></testcase><testcase classname="test_update_fact.TestUpdate_Fact" file="test_update_fact.py" line="161" name="test_run_append_to_list" time="0.019"></testcase><testcase classname="test_update_fact.TestUpdate_Fact" file="test_update_fact.py" line="96" name="test_argspec_dict" time="0.017"></testcase><testcase classname="test_update_fact.TestUpdate_Fact" file="test_update_fact.py" line="227" name="test_run_invalid_key_start_with_dot" time="0.019"></testcase><testcase classname="test_update_fact.TestUpdate_Fact" file="test_update_fact.py" line="201" name="test_run_int_as_string" time="0.017"></testcase><testcase classname="test_update_fact.TestUpdate_Fact" file="test_update_fact.py" line="219" name="test_run_invalid_key_bracket_after_dot" time="0.016"></testcase><testcase classname="test_update_fact.TestUpdate_Fact" file="test_update_fact.py" line="191" name="test_run_int_dict_keys" time="0.020"></testcase><testcase classname="test_update_fact.TestUpdate_Fact" file="test_update_fact.py" line="263" name="test_run_list_not_int" time="0.019"></testcase><testcase classname="test_update_fact.TestUpdate_Fact" file="test_update_fact.py" line="171" name="test_run_bracket_single_quote" time="0.018"></testcase><testcase classname="test_update_fact.TestUpdate_Fact" file="test_update_fact.py" line="211" name="test_run_invalid_key_quote_after_dot" time="0.021"></testcase><testcase classname="test_update_fact.TestUpdate_Fact" file="test_update_fact.py" line="273" name="test_run_list_not_long" time="0.027"></testcase><testcase classname="test_update_fact.TestUpdate_Fact" file="test_update_fact.py" line="255" name="test_run_missing_key" time="0.017"></testcase><testcase classname="test_update_fact.TestUpdate_Fact" file="test_update_fact.py" line="333" name="test_run_looks_like_a_bool" time="0.019"></testcase><testcase classname="test_update_fact.TestUpdate_Fact" file="test_update_fact.py" line="245" name="test_run_no_update_dict" time="0.023"></testcase><testcase classname="test_update_fact.TestUpdate_Fact" file="test_update_fact.py" line="314" name="test_run_not_dotted_fail_missing" time="0.019"></testcase><testcase classname="test_update_fact.TestUpdate_Fact" file="test_update_fact.py" line="294" name="test_run_not_dotted_success_one" time="0.018"></testcase><testcase classname="test_update_fact.TestUpdate_Fact" file="test_update_fact.py" line="324" name="test_run_not_dotted_success_same" time="0.018"></testcase><testcase classname="test_update_fact.TestUpdate_Fact" file="test_update_fact.py" line="235" name="test_run_no_update_list" time="0.020"></testcase><testcase classname="test_update_fact.TestUpdate_Fact" file="test_update_fact.py" line="304" name="test_run_not_dotted_success_three" time="0.025"></testcase><testcase classname="test_update_fact.TestUpdate_Fact" file="test_update_fact.py" line="151" name="test_run_replace_in_list" time="0.025"></testcase><testcase classname="test_update_fact.TestUpdate_Fact" file="test_update_fact.py" line="141" name="test_run_simple" time="0.021"></testcase><testcase classname="test_update_fact.TestUpdate_Fact" file="test_update_fact.py" line="114" name="test_valid_jinja" time="0.027"></testcase></testsuite></testsuites>