<?xml version="1.0" encoding="utf-8"?><testsuites><testsuite errors="0" failures="0" hostname="localhost.localdomain" name="pytest" skipped="0" tests="11" time="3.039" timestamp="2020-09-16T13:14:00.745493"><testcase classname="test_update_fact.TestUpdate_Fact" file="test_update_fact.py" line="42" name="test_argspec_dict" time="0.013"></testcase><testcase classname="test_update_fact.TestUpdate_Fact" file="test_update_fact.py" line="51" name="test_argspec_none" time="0.017"></testcase><testcase classname="test_update_fact.TestUpdate_Fact" file="test_update_fact.py" line="60" name="test_fields" time="0.010"></testcase><testcase classname="test_update_fact.TestUpdate_Fact" file="test_update_fact.py" line="115" name="test_run_3" time="0.099"></testcase><testcase classname="test_update_fact.TestUpdate_Fact" file="test_update_fact.py" line="89" name="test_run_1" time="0.113"></testcase><testcase classname="test_update_fact.TestUpdate_Fact" file="test_update_fact.py" line="68" name="test_missing_var" time="0.109"></testcase><testcase classname="test_update_fact.TestUpdate_Fact" file="test_update_fact.py" line="139" name="test_run_5" time="0.103"></testcase><testcase classname="test_update_fact.TestUpdate_Fact" file="test_update_fact.py" line="103" name="test_run_2" time="0.153"></testcase><testcase classname="test_update_fact.TestUpdate_Fact" file="test_update_fact.py" line="77" name="test_run_simple" time="0.137"></testcase><testcase classname="test_update_fact.TestUpdate_Fact" file="test_update_fact.py" line="127" name="test_run_4" time="0.201"></testcase><testcase classname="test_update_fact.TestUpdate_Fact" file="test_update_fact.py" line="151" name="test_run_6" time="0.170"></testcase></testsuite></testsuites>