<?xml version="1.0" encoding="utf-8"?><testsuites><testsuite errors="0" failures="0" hostname="localhost.localdomain" name="pytest" skipped="0" tests="11" time="2.928" timestamp="2020-09-17T12:57:19.299023"><testcase classname="test_update_fact.TestUpdate_Fact" file="test_update_fact.py" line="51" name="test_argspec_dict" time="0.015"></testcase><testcase classname="test_update_fact.TestUpdate_Fact" file="test_update_fact.py" line="60" name="test_argspec_none" time="0.014"></testcase><testcase classname="test_update_fact.TestUpdate_Fact" file="test_update_fact.py" line="75" name="test_missing_var" time="0.015"><system-out>a.b.c 5
</system-out></testcase><testcase classname="test_update_fact.TestUpdate_Fact" file="test_update_fact.py" line="69" name="test_fields" time="0.015"></testcase><testcase classname="test_update_fact.TestUpdate_Fact" file="test_update_fact.py" line="126" name="test_run_4" time="0.015"><system-out>a[&quot;b&quot;][3] 4
</system-out></testcase><testcase classname="test_update_fact.TestUpdate_Fact" file="test_update_fact.py" line="95" name="test_run_1" time="0.013"><system-out>a.b.1 5
</system-out></testcase><testcase classname="test_update_fact.TestUpdate_Fact" file="test_update_fact.py" line="116" name="test_run_3" time="0.027"><system-out>a[&apos;b&apos;][3] 4
</system-out></testcase><testcase classname="test_update_fact.TestUpdate_Fact" file="test_update_fact.py" line="136" name="test_run_5" time="0.013"><system-out>a.0.0 0
</system-out></testcase><testcase classname="test_update_fact.TestUpdate_Fact" file="test_update_fact.py" line="106" name="test_run_2" time="0.035"><system-out>a.b.3 4
</system-out></testcase><testcase classname="test_update_fact.TestUpdate_Fact" file="test_update_fact.py" line="84" name="test_run_simple" time="0.015"><system-out>a.b 5
</system-out></testcase><testcase classname="test_update_fact.TestUpdate_Fact" file="test_update_fact.py" line="146" name="test_run_6" time="0.013"><system-out>a.[&quot;0&quot;].0 0
</system-out></testcase></testsuite></testsuites>